<?xml version="1.0" encoding="UTF-8"?>
<!-- Generated by org.testng.reporters.JUnitReportReporter -->
<testsuite hostname="DESKTOP-QU51HI3" name="com.crm.vtiger.purshase.TC_14_createPurchaseOrderWithItemQtyListprice" tests="1" failures="0" timestamp="29 Apr 2021 07:41:48 GMT" time="38.716" errors="0">
  <testcase name="createPurchaseOrderWithItemQtyListprice" time="38.716" classname="com.crm.vtiger.purshase.TC_14_createPurchaseOrderWithItemQtyListprice"/>
</testsuite> <!-- com.crm.vtiger.purshase.TC_14_createPurchaseOrderWithItemQtyListprice -->
