<?xml version="1.0" encoding="UTF-8"?>
<!-- Generated by org.testng.reporters.JUnitReportReporter -->
<testsuite hostname="DESKTOP-QU51HI3" name="com.crm.vtiger.purshase.TC_15_createPurchaseOrderWithAllMandatortyFieldExceptItem" tests="1" failures="0" timestamp="29 Apr 2021 07:53:04 GMT" time="36.491" errors="0">
  <testcase name="createPurchaseWithDownwardSymbol" time="36.491" classname="com.crm.vtiger.purshase.TC_15_createPurchaseOrderWithAllMandatortyFieldExceptItem"/>
</testsuite> <!-- com.crm.vtiger.purshase.TC_15_createPurchaseOrderWithAllMandatortyFieldExceptItem -->
