<?xml version="1.0" encoding="UTF-8"?>
<!-- Generated by org.testng.reporters.JUnitReportReporter -->
<testsuite hostname="DESKTOP-QU51HI3" name="com.crm.vtiger.purshase.TC_13_createPurchaseOrderWithItemWithoutEnteringListprice" tests="1" failures="0" timestamp="29 Apr 2021 11:34:31 GMT" time="80.339" errors="0">
  <testcase name="createPurchaseOrderWithItemWithoutEnteringListprice" time="80.339" classname="com.crm.vtiger.purshase.TC_13_createPurchaseOrderWithItemWithoutEnteringListprice"/>
</testsuite> <!-- com.crm.vtiger.purshase.TC_13_createPurchaseOrderWithItemWithoutEnteringListprice -->
