<?xml version="1.0" encoding="UTF-8"?>
<!-- Generated by org.testng.reporters.JUnitReportReporter -->
<testsuite hostname="DESKTOP-QU51HI3" name="practicce.ReaddatafromPropertyfile" tests="1" failures="0" timestamp="23 Apr 2021 07:29:55 GMT" time="0.230" errors="0">
  <testcase name="readDataTest" time="0.230" classname="practicce.ReaddatafromPropertyfile"/>
</testsuite> <!-- practicce.ReaddatafromPropertyfile -->
