<?xml version="1.0" encoding="UTF-8"?>
<!-- Generated by org.testng.reporters.JUnitReportReporter -->
<testsuite hostname="DESKTOP-QU51HI3" name="com.crm.vtiger.CreateOrganisationTest" tests="1" failures="0" timestamp="28 Apr 2021 05:50:02 GMT" time="24.791" errors="0">
  <testcase name="createOrganization" time="24.791" classname="com.crm.vtiger.CreateOrganisationTest"/>
</testsuite> <!-- com.crm.vtiger.CreateOrganisationTest -->
