<?xml version="1.0" encoding="UTF-8"?>
<!-- Generated by org.testng.reporters.JUnitReportReporter -->
<testsuite hostname="DESKTOP-QU51HI3" name="com.crm.vtiger.GenericsUtils.JavaUtility" tests="1" failures="0" timestamp="28 Apr 2021 09:12:39 GMT" time="0.023" errors="0">
  <testcase name="geRandomData" time="0.023" classname="com.crm.vtiger.GenericsUtils.JavaUtility"/>
</testsuite> <!-- com.crm.vtiger.GenericsUtils.JavaUtility -->
