<?xml version="1.0" encoding="UTF-8"?>
<!-- Generated by org.testng.reporters.JUnitReportReporter -->
<testsuite hostname="DESKTOP-QU51HI3" name="practicce.CreateCustomerTest" tests="1" failures="0" timestamp="24 Apr 2021 03:31:20 GMT" time="0.031" errors="0">
  <testcase name="createCustomerTest" time="0.031" classname="practicce.CreateCustomerTest"/>
</testsuite> <!-- practicce.CreateCustomerTest -->
