<?xml version="1.0" encoding="UTF-8"?>
<!-- Generated by org.testng.reporters.JUnitReportReporter -->
<testsuite hostname="DESKTOP-QU51HI3" name="com.crm.vtiger.purshase.TC_11_createPurshaseWithDownwardSymbol" tests="1" failures="0" timestamp="30 Apr 2021 05:47:41 GMT" time="68.179" errors="0">
  <testcase name="createPurchaseWithDownwardSymbol" time="68.179" classname="com.crm.vtiger.purshase.TC_11_createPurshaseWithDownwardSymbol"/>
</testsuite> <!-- com.crm.vtiger.purshase.TC_11_createPurshaseWithDownwardSymbol -->
